{"/home/mahendar07/wd401/react-django/frontend/src/context/course_details/context.tsx": {"path":"/home/mahendar07/wd401/react-django/frontend/src/context/course_details/context.tsx","statementMap":{"0":{"start":{"line":11,"column":34},"end":{"line":13,"column":1}},"1":{"start":{"line":22,"column":37},"end":{"line":24,"column":12}},"2":{"start":{"line":25,"column":72},"end":{"line":39,"column":1}},"3":{"start":{"line":28,"column":28},"end":{"line":28,"column":61}},"4":{"start":{"line":32,"column":2},"end":{"line":38,"column":4}},"5":{"start":{"line":44,"column":37},"end":{"line":45,"column":39}},"6":{"start":{"line":45,"column":2},"end":{"line":45,"column":39}},"7":{"start":{"line":46,"column":40},"end":{"line":47,"column":42}},"8":{"start":{"line":47,"column":2},"end":{"line":47,"column":42}}},"fnMap":{"0":{"name":"(anonymous_0)","decl":{"start":{"line":25,"column":72},"end":{"line":25,"column":73}},"loc":{"start":{"line":27,"column":6},"end":{"line":39,"column":1}},"line":27},"1":{"name":"(anonymous_1)","decl":{"start":{"line":44,"column":37},"end":{"line":44,"column":38}},"loc":{"start":{"line":45,"column":2},"end":{"line":45,"column":39}},"line":45},"2":{"name":"(anonymous_2)","decl":{"start":{"line":46,"column":40},"end":{"line":46,"column":41}},"loc":{"start":{"line":47,"column":2},"end":{"line":47,"column":42}},"line":47}},"branchMap":{},"s":{"0":1,"1":1,"2":1,"3":0,"4":0,"5":1,"6":0,"7":1,"8":0},"f":{"0":0,"1":0,"2":0},"b":{},"_coverageSchema":"1a1c01bbd47fc00a2c39e90264f33305004495a9","hash":"3cbe3f64c2ad1829fd13411c4c2451094bdf80c0"}
,"/home/mahendar07/wd401/react-django/frontend/src/context/course_details/reducer.ts": {"path":"/home/mahendar07/wd401/react-django/frontend/src/context/course_details/reducer.ts","statementMap":{"0":{"start":{"line":41,"column":48},"end":{"line":64,"column":1}},"1":{"start":{"line":68,"column":23},"end":{"line":95,"column":1}},"2":{"start":{"line":72,"column":2},"end":{"line":94,"column":3}},"3":{"start":{"line":74,"column":6},"end":{"line":77,"column":8}},"4":{"start":{"line":79,"column":6},"end":{"line":83,"column":8}},"5":{"start":{"line":85,"column":6},"end":{"line":90,"column":8}},"6":{"start":{"line":93,"column":6},"end":{"line":93,"column":19}}},"fnMap":{"0":{"name":"(anonymous_0)","decl":{"start":{"line":68,"column":23},"end":{"line":68,"column":24}},"loc":{"start":{"line":71,"column":25},"end":{"line":95,"column":1}},"line":71}},"branchMap":{"0":{"loc":{"start":{"line":69,"column":2},"end":{"line":69,"column":42}},"type":"default-arg","locations":[{"start":{"line":69,"column":30},"end":{"line":69,"column":42}}],"line":69},"1":{"loc":{"start":{"line":72,"column":2},"end":{"line":94,"column":3}},"type":"switch","locations":[{"start":{"line":73,"column":4},"end":{"line":77,"column":8}},{"start":{"line":78,"column":4},"end":{"line":83,"column":8}},{"start":{"line":84,"column":4},"end":{"line":90,"column":8}},{"start":{"line":92,"column":4},"end":{"line":93,"column":19}}],"line":72}},"s":{"0":1,"1":1,"2":0,"3":0,"4":0,"5":0,"6":0},"f":{"0":0},"b":{"0":[0],"1":[0,0,0,0]},"_coverageSchema":"1a1c01bbd47fc00a2c39e90264f33305004495a9","hash":"a6e0317f7843b54d789fa70d45a42f568340cec0"}
,"/home/mahendar07/wd401/react-django/frontend/src/context/courses/action.ts": {"path":"/home/mahendar07/wd401/react-django/frontend/src/context/courses/action.ts","statementMap":{"0":{"start":{"line":4,"column":28},"end":{"line":33,"column":1}},"1":{"start":{"line":5,"column":16},"end":{"line":5,"column":55}},"2":{"start":{"line":6,"column":2},"end":{"line":6,"column":34}},"3":{"start":{"line":7,"column":2},"end":{"line":32,"column":3}},"4":{"start":{"line":8,"column":4},"end":{"line":8,"column":48}},"5":{"start":{"line":9,"column":21},"end":{"line":18,"column":5}},"6":{"start":{"line":19,"column":17},"end":{"line":19,"column":30}},"7":{"start":{"line":20,"column":4},"end":{"line":20,"column":40}},"8":{"start":{"line":21,"column":4},"end":{"line":21,"column":63}},"9":{"start":{"line":23,"column":4},"end":{"line":23,"column":49}},"10":{"start":{"line":24,"column":4},"end":{"line":27,"column":6}},"11":{"start":{"line":28,"column":4},"end":{"line":31,"column":7}},"12":{"start":{"line":35,"column":28},"end":{"line":56,"column":1}},"13":{"start":{"line":36,"column":16},"end":{"line":36,"column":55}},"14":{"start":{"line":37,"column":2},"end":{"line":55,"column":3}},"15":{"start":{"line":38,"column":4},"end":{"line":38,"column":48}},"16":{"start":{"line":39,"column":21},"end":{"line":44,"column":6}},"17":{"start":{"line":45,"column":17},"end":{"line":45,"column":30}},"18":{"start":{"line":46,"column":4},"end":{"line":46,"column":36}},"19":{"start":{"line":47,"column":4},"end":{"line":47,"column":63}},"20":{"start":{"line":49,"column":4},"end":{"line":49,"column":50}},"21":{"start":{"line":51,"column":4},"end":{"line":54,"column":7}},"22":{"start":{"line":58,"column":26},"end":{"line":90,"column":1}},"23":{"start":{"line":66,"column":2},"end":{"line":89,"column":3}},"24":{"start":{"line":67,"column":4},"end":{"line":67,"column":48}},"25":{"start":{"line":68,"column":21},"end":{"line":77,"column":5}},"26":{"start":{"line":78,"column":17},"end":{"line":78,"column":38}},"27":{"start":{"line":79,"column":4},"end":{"line":79,"column":37}},"28":{"start":{"line":82,"column":4},"end":{"line":82,"column":63}},"29":{"start":{"line":84,"column":4},"end":{"line":84,"column":50}},"30":{"start":{"line":85,"column":4},"end":{"line":88,"column":7}}},"fnMap":{"0":{"name":"(anonymous_0)","decl":{"start":{"line":4,"column":28},"end":{"line":4,"column":29}},"loc":{"start":{"line":4,"column":70},"end":{"line":33,"column":1}},"line":4},"1":{"name":"(anonymous_1)","decl":{"start":{"line":35,"column":28},"end":{"line":35,"column":29}},"loc":{"start":{"line":35,"column":53},"end":{"line":56,"column":1}},"line":35},"2":{"name":"(anonymous_2)","decl":{"start":{"line":58,"column":26},"end":{"line":58,"column":27}},"loc":{"start":{"line":63,"column":5},"end":{"line":90,"column":1}},"line":63}},"branchMap":{"0":{"loc":{"start":{"line":5,"column":16},"end":{"line":5,"column":55}},"type":"binary-expr","locations":[{"start":{"line":5,"column":16},"end":{"line":5,"column":49}},{"start":{"line":5,"column":53},"end":{"line":5,"column":55}}],"line":5},"1":{"loc":{"start":{"line":26,"column":6},"end":{"line":26,"column":43}},"type":"binary-expr","locations":[{"start":{"line":26,"column":6},"end":{"line":26,"column":26}},{"start":{"line":26,"column":30},"end":{"line":26,"column":43}}],"line":26},"2":{"loc":{"start":{"line":36,"column":16},"end":{"line":36,"column":55}},"type":"binary-expr","locations":[{"start":{"line":36,"column":16},"end":{"line":36,"column":49}},{"start":{"line":36,"column":53},"end":{"line":36,"column":55}}],"line":36}},"s":{"0":1,"1":0,"2":0,"3":0,"4":0,"5":0,"6":0,"7":0,"8":0,"9":0,"10":0,"11":0,"12":1,"13":0,"14":0,"15":0,"16":0,"17":0,"18":0,"19":0,"20":0,"21":0,"22":1,"23":0,"24":0,"25":0,"26":0,"27":0,"28":0,"29":0,"30":0},"f":{"0":0,"1":0,"2":0},"b":{"0":[0,0],"1":[0,0],"2":[0,0]},"_coverageSchema":"1a1c01bbd47fc00a2c39e90264f33305004495a9","hash":"e1d3ee023386a67714d62bd087b41ed35ccc4b74"}
,"/home/mahendar07/wd401/react-django/frontend/src/context/courses/context.tsx": {"path":"/home/mahendar07/wd401/react-django/frontend/src/context/courses/context.tsx","statementMap":{"0":{"start":{"line":5,"column":27},"end":{"line":5,"column":76}},"1":{"start":{"line":14,"column":30},"end":{"line":16,"column":1}},"2":{"start":{"line":17,"column":65},"end":{"line":31,"column":1}},"3":{"start":{"line":20,"column":28},"end":{"line":20,"column":61}},"4":{"start":{"line":24,"column":2},"end":{"line":30,"column":4}},"5":{"start":{"line":36,"column":30},"end":{"line":36,"column":66}},"6":{"start":{"line":36,"column":36},"end":{"line":36,"column":66}},"7":{"start":{"line":37,"column":33},"end":{"line":37,"column":72}},"8":{"start":{"line":37,"column":39},"end":{"line":37,"column":72}}},"fnMap":{"0":{"name":"(anonymous_0)","decl":{"start":{"line":17,"column":65},"end":{"line":17,"column":66}},"loc":{"start":{"line":19,"column":6},"end":{"line":31,"column":1}},"line":19},"1":{"name":"(anonymous_1)","decl":{"start":{"line":36,"column":30},"end":{"line":36,"column":31}},"loc":{"start":{"line":36,"column":36},"end":{"line":36,"column":66}},"line":36},"2":{"name":"(anonymous_2)","decl":{"start":{"line":37,"column":33},"end":{"line":37,"column":34}},"loc":{"start":{"line":37,"column":39},"end":{"line":37,"column":72}},"line":37}},"branchMap":{},"s":{"0":1,"1":1,"2":1,"3":0,"4":0,"5":1,"6":0,"7":1,"8":2},"f":{"0":0,"1":0,"2":2},"b":{},"_coverageSchema":"1a1c01bbd47fc00a2c39e90264f33305004495a9","hash":"ccc895628531ef57cfc39c32e85cdc8e41bcaad6"}
,"/home/mahendar07/wd401/react-django/frontend/src/context/courses/reducer.ts": {"path":"/home/mahendar07/wd401/react-django/frontend/src/context/courses/reducer.ts","statementMap":{"0":{"start":{"line":32,"column":41},"end":{"line":37,"column":1}},"1":{"start":{"line":41,"column":23},"end":{"line":85,"column":1}},"2":{"start":{"line":45,"column":2},"end":{"line":84,"column":3}},"3":{"start":{"line":47,"column":6},"end":{"line":50,"column":8}},"4":{"start":{"line":52,"column":6},"end":{"line":56,"column":8}},"5":{"start":{"line":58,"column":6},"end":{"line":63,"column":8}},"6":{"start":{"line":65,"column":6},"end":{"line":68,"column":8}},"7":{"start":{"line":70,"column":6},"end":{"line":74,"column":8}},"8":{"start":{"line":76,"column":6},"end":{"line":81,"column":8}},"9":{"start":{"line":83,"column":6},"end":{"line":83,"column":19}}},"fnMap":{"0":{"name":"(anonymous_0)","decl":{"start":{"line":41,"column":23},"end":{"line":41,"column":24}},"loc":{"start":{"line":44,"column":18},"end":{"line":85,"column":1}},"line":44}},"branchMap":{"0":{"loc":{"start":{"line":42,"column":2},"end":{"line":42,"column":35}},"type":"default-arg","locations":[{"start":{"line":42,"column":23},"end":{"line":42,"column":35}}],"line":42},"1":{"loc":{"start":{"line":45,"column":2},"end":{"line":84,"column":3}},"type":"switch","locations":[{"start":{"line":46,"column":4},"end":{"line":50,"column":8}},{"start":{"line":51,"column":4},"end":{"line":56,"column":8}},{"start":{"line":57,"column":4},"end":{"line":63,"column":8}},{"start":{"line":64,"column":4},"end":{"line":68,"column":8}},{"start":{"line":69,"column":4},"end":{"line":74,"column":8}},{"start":{"line":75,"column":4},"end":{"line":81,"column":8}},{"start":{"line":82,"column":4},"end":{"line":83,"column":19}}],"line":45}},"s":{"0":1,"1":1,"2":0,"3":0,"4":0,"5":0,"6":0,"7":0,"8":0,"9":0},"f":{"0":0},"b":{"0":[0],"1":[0,0,0,0,0,0,0]},"_coverageSchema":"1a1c01bbd47fc00a2c39e90264f33305004495a9","hash":"957e7176950b1577e81cfb496dd56267412b33a1"}
,"/home/mahendar07/wd401/react-django/frontend/src/context/module/context.tsx": {"path":"/home/mahendar07/wd401/react-django/frontend/src/context/module/context.tsx","statementMap":{"0":{"start":{"line":6,"column":27},"end":{"line":6,"column":76}},"1":{"start":{"line":15,"column":30},"end":{"line":17,"column":1}},"2":{"start":{"line":18,"column":65},"end":{"line":32,"column":1}},"3":{"start":{"line":21,"column":28},"end":{"line":21,"column":61}},"4":{"start":{"line":25,"column":2},"end":{"line":31,"column":4}},"5":{"start":{"line":37,"column":30},"end":{"line":37,"column":66}},"6":{"start":{"line":37,"column":36},"end":{"line":37,"column":66}},"7":{"start":{"line":38,"column":33},"end":{"line":38,"column":72}},"8":{"start":{"line":38,"column":39},"end":{"line":38,"column":72}}},"fnMap":{"0":{"name":"(anonymous_0)","decl":{"start":{"line":18,"column":65},"end":{"line":18,"column":66}},"loc":{"start":{"line":20,"column":6},"end":{"line":32,"column":1}},"line":20},"1":{"name":"(anonymous_1)","decl":{"start":{"line":37,"column":30},"end":{"line":37,"column":31}},"loc":{"start":{"line":37,"column":36},"end":{"line":37,"column":66}},"line":37},"2":{"name":"(anonymous_2)","decl":{"start":{"line":38,"column":33},"end":{"line":38,"column":34}},"loc":{"start":{"line":38,"column":39},"end":{"line":38,"column":72}},"line":38}},"branchMap":{},"s":{"0":1,"1":1,"2":1,"3":0,"4":0,"5":1,"6":0,"7":1,"8":0},"f":{"0":0,"1":0,"2":0},"b":{},"_coverageSchema":"1a1c01bbd47fc00a2c39e90264f33305004495a9","hash":"edb5300b5bfa0bd22433901f6596b2519d318926"}
,"/home/mahendar07/wd401/react-django/frontend/src/context/module/reducer.ts": {"path":"/home/mahendar07/wd401/react-django/frontend/src/context/module/reducer.ts","statementMap":{"0":{"start":{"line":27,"column":41},"end":{"line":32,"column":1}},"1":{"start":{"line":36,"column":23},"end":{"line":63,"column":1}},"2":{"start":{"line":40,"column":2},"end":{"line":62,"column":3}},"3":{"start":{"line":42,"column":6},"end":{"line":45,"column":8}},"4":{"start":{"line":47,"column":6},"end":{"line":51,"column":8}},"5":{"start":{"line":53,"column":6},"end":{"line":58,"column":8}},"6":{"start":{"line":61,"column":6},"end":{"line":61,"column":19}}},"fnMap":{"0":{"name":"(anonymous_0)","decl":{"start":{"line":36,"column":23},"end":{"line":36,"column":24}},"loc":{"start":{"line":39,"column":18},"end":{"line":63,"column":1}},"line":39}},"branchMap":{"0":{"loc":{"start":{"line":37,"column":2},"end":{"line":37,"column":35}},"type":"default-arg","locations":[{"start":{"line":37,"column":23},"end":{"line":37,"column":35}}],"line":37},"1":{"loc":{"start":{"line":40,"column":2},"end":{"line":62,"column":3}},"type":"switch","locations":[{"start":{"line":41,"column":4},"end":{"line":45,"column":8}},{"start":{"line":46,"column":4},"end":{"line":51,"column":8}},{"start":{"line":52,"column":4},"end":{"line":58,"column":8}},{"start":{"line":60,"column":4},"end":{"line":61,"column":19}}],"line":40}},"s":{"0":1,"1":1,"2":0,"3":0,"4":0,"5":0,"6":0},"f":{"0":0},"b":{"0":[0],"1":[0,0,0,0]},"_coverageSchema":"1a1c01bbd47fc00a2c39e90264f33305004495a9","hash":"4e36332798833e47aecd6cb6aedbc069e779aac7"}
,"/home/mahendar07/wd401/react-django/frontend/src/pages/categories/NewCategory.tsx": {"path":"/home/mahendar07/wd401/react-django/frontend/src/pages/categories/NewCategory.tsx","statementMap":{"0":{"start":{"line":12,"column":27},"end":{"line":143,"column":1}},"1":{"start":{"line":13,"column":30},"end":{"line":13,"column":45}},"2":{"start":{"line":16,"column":28},"end":{"line":16,"column":57}},"3":{"start":{"line":22,"column":6},"end":{"line":22,"column":29}},"4":{"start":{"line":23,"column":21},"end":{"line":25,"column":3}},"5":{"start":{"line":24,"column":4},"end":{"line":24,"column":21}},"6":{"start":{"line":26,"column":20},"end":{"line":28,"column":3}},"7":{"start":{"line":27,"column":4},"end":{"line":27,"column":20}},"8":{"start":{"line":29,"column":20},"end":{"line":29,"column":53}},"9":{"start":{"line":30,"column":48},"end":{"line":61,"column":3}},"10":{"start":{"line":31,"column":22},"end":{"line":31,"column":26}},"11":{"start":{"line":33,"column":4},"end":{"line":60,"column":5}},"12":{"start":{"line":34,"column":6},"end":{"line":44,"column":8}},"13":{"start":{"line":46,"column":6},"end":{"line":46,"column":23}},"14":{"start":{"line":48,"column":6},"end":{"line":48,"column":50}},"15":{"start":{"line":51,"column":6},"end":{"line":51,"column":21}},"16":{"start":{"line":55,"column":6},"end":{"line":58,"column":8}},"17":{"start":{"line":59,"column":6},"end":{"line":59,"column":40}},"18":{"start":{"line":63,"column":2},"end":{"line":142,"column":4}}},"fnMap":{"0":{"name":"(anonymous_0)","decl":{"start":{"line":12,"column":27},"end":{"line":12,"column":28}},"loc":{"start":{"line":12,"column":33},"end":{"line":143,"column":1}},"line":12},"1":{"name":"(anonymous_1)","decl":{"start":{"line":23,"column":21},"end":{"line":23,"column":22}},"loc":{"start":{"line":23,"column":27},"end":{"line":25,"column":3}},"line":23},"2":{"name":"(anonymous_2)","decl":{"start":{"line":26,"column":20},"end":{"line":26,"column":21}},"loc":{"start":{"line":26,"column":26},"end":{"line":28,"column":3}},"line":26},"3":{"name":"(anonymous_3)","decl":{"start":{"line":30,"column":48},"end":{"line":30,"column":49}},"loc":{"start":{"line":30,"column":64},"end":{"line":61,"column":3}},"line":30}},"branchMap":{"0":{"loc":{"start":{"line":57,"column":8},"end":{"line":57,"column":45}},"type":"binary-expr","locations":[{"start":{"line":57,"column":8},"end":{"line":57,"column":28}},{"start":{"line":57,"column":32},"end":{"line":57,"column":45}}],"line":57},"1":{"loc":{"start":{"line":116,"column":28},"end":{"line":116,"column":64}},"type":"cond-expr","locations":[{"start":{"line":116,"column":43},"end":{"line":116,"column":59}},{"start":{"line":116,"column":62},"end":{"line":116,"column":64}}],"line":116},"2":{"loc":{"start":{"line":121,"column":23},"end":{"line":125,"column":23}},"type":"binary-expr","locations":[{"start":{"line":121,"column":23},"end":{"line":121,"column":28}},{"start":{"line":122,"column":24},"end":{"line":124,"column":30}}],"line":121}},"s":{"0":1,"1":2,"2":2,"3":2,"4":2,"5":0,"6":2,"7":0,"8":2,"9":2,"10":0,"11":0,"12":0,"13":0,"14":0,"15":0,"16":0,"17":0,"18":2},"f":{"0":2,"1":0,"2":0,"3":0},"b":{"0":[0,0],"1":[0,2],"2":[2,0]},"_coverageSchema":"1a1c01bbd47fc00a2c39e90264f33305004495a9","hash":"941d4c8aefbd00e15e358bfdb9516c9c31fd4e68"}
,"/home/mahendar07/wd401/react-django/frontend/src/pages/courseDetails/CourseDetailsItems.tsx": {"path":"/home/mahendar07/wd401/react-django/frontend/src/pages/courseDetails/CourseDetailsItems.tsx","statementMap":{"0":{"start":{"line":12,"column":46},"end":{"line":12,"column":60}},"1":{"start":{"line":13,"column":38},"end":{"line":13,"column":53}},"2":{"start":{"line":15,"column":28},"end":{"line":20,"column":3}},"3":{"start":{"line":17,"column":4},"end":{"line":19,"column":6}},"4":{"start":{"line":18,"column":6},"end":{"line":18,"column":47}},"5":{"start":{"line":23,"column":34},"end":{"line":23,"column":57}},"6":{"start":{"line":24,"column":27},"end":{"line":24,"column":43}},"7":{"start":{"line":26,"column":55},"end":{"line":26,"column":73}},"8":{"start":{"line":27,"column":59},"end":{"line":27,"column":70}},"9":{"start":{"line":29,"column":20},"end":{"line":29,"column":53}},"10":{"start":{"line":30,"column":26},"end":{"line":30,"column":61}},"11":{"start":{"line":32,"column":2},"end":{"line":53,"column":26}},"12":{"start":{"line":34,"column":34},"end":{"line":48,"column":5}},"13":{"start":{"line":35,"column":6},"end":{"line":47,"column":7}},"14":{"start":{"line":36,"column":25},"end":{"line":43,"column":9}},"15":{"start":{"line":44,"column":8},"end":{"line":44,"column":39}},"16":{"start":{"line":46,"column":8},"end":{"line":46,"column":29}},"17":{"start":{"line":50,"column":4},"end":{"line":52,"column":5}},"18":{"start":{"line":51,"column":6},"end":{"line":51,"column":30}},"19":{"start":{"line":55,"column":19},"end":{"line":55,"column":28}},"20":{"start":{"line":56,"column":24},"end":{"line":74,"column":3}},"21":{"start":{"line":57,"column":4},"end":{"line":73,"column":5}},"22":{"start":{"line":58,"column":23},"end":{"line":66,"column":7}},"23":{"start":{"line":69,"column":6},"end":{"line":69,"column":60}},"24":{"start":{"line":72,"column":6},"end":{"line":72,"column":64}},"25":{"start":{"line":76,"column":22},"end":{"line":92,"column":3}},"26":{"start":{"line":77,"column":4},"end":{"line":91,"column":5}},"27":{"start":{"line":78,"column":23},"end":{"line":86,"column":7}},"28":{"start":{"line":88,"column":6},"end":{"line":88,"column":58}},"29":{"start":{"line":90,"column":6},"end":{"line":90,"column":44}},"30":{"start":{"line":94,"column":29},"end":{"line":107,"column":3}},"31":{"start":{"line":95,"column":4},"end":{"line":106,"column":9}},"32":{"start":{"line":102,"column":8},"end":{"line":102,"column":51}},"33":{"start":{"line":105,"column":8},"end":{"line":105,"column":27}},"34":{"start":{"line":109,"column":2},"end":{"line":115,"column":3}},"35":{"start":{"line":110,"column":4},"end":{"line":114,"column":6}},"36":{"start":{"line":116,"column":2},"end":{"line":122,"column":3}},"37":{"start":{"line":117,"column":4},"end":{"line":121,"column":6}},"38":{"start":{"line":124,"column":2},"end":{"line":131,"column":3}},"39":{"start":{"line":125,"column":4},"end":{"line":130,"column":6}},"40":{"start":{"line":133,"column":18},"end":{"line":133,"column":23}},"41":{"start":{"line":137,"column":17},"end":{"line":137,"column":21}},"42":{"start":{"line":138,"column":25},"end":{"line":138,"column":57}},"43":{"start":{"line":140,"column":2},"end":{"line":146,"column":3}},"44":{"start":{"line":141,"column":4},"end":{"line":145,"column":5}},"45":{"start":{"line":142,"column":6},"end":{"line":142,"column":44}},"46":{"start":{"line":144,"column":6},"end":{"line":144,"column":54}},"47":{"start":{"line":148,"column":15},"end":{"line":148,"column":19}},"48":{"start":{"line":150,"column":2},"end":{"line":152,"column":3}},"49":{"start":{"line":151,"column":4},"end":{"line":151,"column":30}},"50":{"start":{"line":154,"column":2},"end":{"line":156,"column":3}},"51":{"start":{"line":155,"column":4},"end":{"line":155,"column":21}},"52":{"start":{"line":158,"column":2},"end":{"line":158,"column":47}},"53":{"start":{"line":159,"column":2},"end":{"line":159,"column":33}},"54":{"start":{"line":161,"column":2},"end":{"line":388,"column":4}},"55":{"start":{"line":260,"column":18},"end":{"line":262,"column":22}},"56":{"start":{"line":272,"column":20},"end":{"line":290,"column":25}},"57":{"start":{"line":277,"column":37},"end":{"line":277,"column":65}}},"fnMap":{"0":{"name":"CourseDetails","decl":{"start":{"line":11,"column":24},"end":{"line":11,"column":37}},"loc":{"start":{"line":11,"column":40},"end":{"line":389,"column":1}},"line":11},"1":{"name":"(anonymous_1)","decl":{"start":{"line":15,"column":28},"end":{"line":15,"column":29}},"loc":{"start":{"line":15,"column":48},"end":{"line":20,"column":3}},"line":15},"2":{"name":"(anonymous_2)","decl":{"start":{"line":17,"column":22},"end":{"line":17,"column":23}},"loc":{"start":{"line":18,"column":6},"end":{"line":18,"column":47}},"line":18},"3":{"name":"(anonymous_3)","decl":{"start":{"line":32,"column":12},"end":{"line":32,"column":13}},"loc":{"start":{"line":32,"column":18},"end":{"line":53,"column":3}},"line":32},"4":{"name":"(anonymous_4)","decl":{"start":{"line":34,"column":34},"end":{"line":34,"column":35}},"loc":{"start":{"line":34,"column":46},"end":{"line":48,"column":5}},"line":34},"5":{"name":"(anonymous_5)","decl":{"start":{"line":56,"column":24},"end":{"line":56,"column":25}},"loc":{"start":{"line":56,"column":36},"end":{"line":74,"column":3}},"line":56},"6":{"name":"(anonymous_6)","decl":{"start":{"line":76,"column":22},"end":{"line":76,"column":23}},"loc":{"start":{"line":76,"column":34},"end":{"line":92,"column":3}},"line":76},"7":{"name":"(anonymous_7)","decl":{"start":{"line":94,"column":29},"end":{"line":94,"column":30}},"loc":{"start":{"line":94,"column":35},"end":{"line":107,"column":3}},"line":94},"8":{"name":"(anonymous_8)","decl":{"start":{"line":101,"column":12},"end":{"line":101,"column":13}},"loc":{"start":{"line":101,"column":27},"end":{"line":103,"column":7}},"line":101},"9":{"name":"(anonymous_9)","decl":{"start":{"line":104,"column":13},"end":{"line":104,"column":14}},"loc":{"start":{"line":104,"column":24},"end":{"line":106,"column":7}},"line":104},"10":{"name":"(anonymous_10)","decl":{"start":{"line":259,"column":21},"end":{"line":259,"column":22}},"loc":{"start":{"line":260,"column":18},"end":{"line":262,"column":22}},"line":260},"11":{"name":"(anonymous_11)","decl":{"start":{"line":271,"column":31},"end":{"line":271,"column":32}},"loc":{"start":{"line":272,"column":20},"end":{"line":290,"column":25}},"line":272},"12":{"name":"(anonymous_12)","decl":{"start":{"line":277,"column":31},"end":{"line":277,"column":32}},"loc":{"start":{"line":277,"column":37},"end":{"line":277,"column":65}},"line":277}},"branchMap":{"0":{"loc":{"start":{"line":18,"column":6},"end":{"line":18,"column":47}},"type":"cond-expr","locations":[{"start":{"line":18,"column":32},"end":{"line":18,"column":36}},{"start":{"line":18,"column":39},"end":{"line":18,"column":47}}],"line":18},"1":{"loc":{"start":{"line":50,"column":4},"end":{"line":52,"column":5}},"type":"if","locations":[{"start":{"line":50,"column":4},"end":{"line":52,"column":5}},{"start":{},"end":{}}],"line":50},"2":{"loc":{"start":{"line":90,"column":6},"end":{"line":90,"column":43}},"type":"binary-expr","locations":[{"start":{"line":90,"column":6},"end":{"line":90,"column":26}},{"start":{"line":90,"column":30},"end":{"line":90,"column":43}}],"line":90},"3":{"loc":{"start":{"line":109,"column":2},"end":{"line":115,"column":3}},"type":"if","locations":[{"start":{"line":109,"column":2},"end":{"line":115,"column":3}},{"start":{},"end":{}}],"line":109},"4":{"loc":{"start":{"line":116,"column":2},"end":{"line":122,"column":3}},"type":"if","locations":[{"start":{"line":116,"column":2},"end":{"line":122,"column":3}},{"start":{},"end":{}}],"line":116},"5":{"loc":{"start":{"line":124,"column":2},"end":{"line":131,"column":3}},"type":"if","locations":[{"start":{"line":124,"column":2},"end":{"line":131,"column":3}},{"start":{},"end":{}}],"line":124},"6":{"loc":{"start":{"line":124,"column":6},"end":{"line":124,"column":25}},"type":"binary-expr","locations":[{"start":{"line":124,"column":6},"end":{"line":124,"column":13}},{"start":{"line":124,"column":17},"end":{"line":124,"column":25}}],"line":124},"7":{"loc":{"start":{"line":140,"column":2},"end":{"line":146,"column":3}},"type":"if","locations":[{"start":{"line":140,"column":2},"end":{"line":146,"column":3}},{"start":{},"end":{}}],"line":140},"8":{"loc":{"start":{"line":150,"column":2},"end":{"line":152,"column":3}},"type":"if","locations":[{"start":{"line":150,"column":2},"end":{"line":152,"column":3}},{"start":{},"end":{}}],"line":150},"9":{"loc":{"start":{"line":154,"column":2},"end":{"line":156,"column":3}},"type":"if","locations":[{"start":{"line":154,"column":2},"end":{"line":156,"column":3}},{"start":{},"end":{}}],"line":154},"10":{"loc":{"start":{"line":154,"column":6},"end":{"line":154,"column":45}},"type":"binary-expr","locations":[{"start":{"line":154,"column":6},"end":{"line":154,"column":12}},{"start":{"line":154,"column":16},"end":{"line":154,"column":45}}],"line":154},"11":{"loc":{"start":{"line":163,"column":7},"end":{"line":386,"column":7}},"type":"cond-expr","locations":[{"start":{"line":164,"column":8},"end":{"line":381,"column":14}},{"start":{"line":383,"column":8},"end":{"line":385,"column":14}}],"line":163},"12":{"loc":{"start":{"line":196,"column":17},"end":{"line":234,"column":17}},"type":"cond-expr","locations":[{"start":{"line":197,"column":18},"end":{"line":202,"column":25}},{"start":{"line":203,"column":20},"end":{"line":234,"column":17}}],"line":196},"13":{"loc":{"start":{"line":203,"column":20},"end":{"line":234,"column":17}},"type":"cond-expr","locations":[{"start":{"line":204,"column":18},"end":{"line":218,"column":24}},{"start":{"line":220,"column":18},"end":{"line":233,"column":24}}],"line":203},"14":{"loc":{"start":{"line":238,"column":15},"end":{"line":248,"column":15}},"type":"binary-expr","locations":[{"start":{"line":238,"column":15},"end":{"line":238,"column":24}},{"start":{"line":239,"column":16},"end":{"line":247,"column":22}}],"line":238},"15":{"loc":{"start":{"line":275,"column":24},"end":{"line":275,"column":74}},"type":"cond-expr","locations":[{"start":{"line":275,"column":55},"end":{"line":275,"column":69}},{"start":{"line":275,"column":72},"end":{"line":275,"column":74}}],"line":275},"16":{"loc":{"start":{"line":284,"column":27},"end":{"line":284,"column":67}},"type":"cond-expr","locations":[{"start":{"line":284,"column":58},"end":{"line":284,"column":61}},{"start":{"line":284,"column":64},"end":{"line":284,"column":67}}],"line":284},"17":{"loc":{"start":{"line":287,"column":23},"end":{"line":289,"column":23}},"type":"binary-expr","locations":[{"start":{"line":287,"column":23},"end":{"line":287,"column":51}},{"start":{"line":288,"column":24},"end":{"line":288,"column":71}}],"line":287},"18":{"loc":{"start":{"line":341,"column":19},"end":{"line":355,"column":19}},"type":"cond-expr","locations":[{"start":{"line":342,"column":20},"end":{"line":347,"column":29}},{"start":{"line":349,"column":20},"end":{"line":354,"column":29}}],"line":341},"19":{"loc":{"start":{"line":358,"column":19},"end":{"line":372,"column":19}},"type":"cond-expr","locations":[{"start":{"line":359,"column":20},"end":{"line":364,"column":29}},{"start":{"line":366,"column":20},"end":{"line":371,"column":29}}],"line":358}},"s":{"0":1,"1":1,"2":1,"3":0,"4":0,"5":1,"6":1,"7":1,"8":1,"9":1,"10":1,"11":1,"12":1,"13":1,"14":1,"15":0,"16":0,"17":1,"18":1,"19":1,"20":1,"21":0,"22":0,"23":0,"24":0,"25":1,"26":0,"27":0,"28":0,"29":0,"30":1,"31":0,"32":0,"33":0,"34":1,"35":0,"36":1,"37":0,"38":1,"39":0,"40":1,"41":1,"42":1,"43":1,"44":0,"45":0,"46":0,"47":1,"48":1,"49":0,"50":1,"51":0,"52":1,"53":1,"54":1,"55":3,"56":2,"57":0},"f":{"0":1,"1":0,"2":0,"3":1,"4":1,"5":0,"6":0,"7":0,"8":0,"9":0,"10":3,"11":2,"12":0},"b":{"0":[0,0],"1":[1,0],"2":[0,0],"3":[0,1],"4":[0,1],"5":[0,1],"6":[1,1],"7":[0,1],"8":[0,1],"9":[0,1],"10":[1,0],"11":[1,0],"12":[0,1],"13":[0,1],"14":[1,0],"15":[0,2],"16":[0,2],"17":[2,0],"18":[0,1],"19":[0,1]},"_coverageSchema":"1a1c01bbd47fc00a2c39e90264f33305004495a9","hash":"c24d8ce7b58d63aff364a4c863251bda3d2db6f4"}
,"/home/mahendar07/wd401/react-django/frontend/src/pages/courseDetails/CourseEditForm.tsx": {"path":"/home/mahendar07/wd401/react-django/frontend/src/pages/courseDetails/CourseEditForm.tsx","statementMap":{"0":{"start":{"line":33,"column":5},"end":{"line":496,"column":1}},"1":{"start":{"line":34,"column":30},"end":{"line":34,"column":45}},"2":{"start":{"line":37,"column":28},"end":{"line":37,"column":57}},"3":{"start":{"line":38,"column":38},"end":{"line":38,"column":50}},"4":{"start":{"line":40,"column":2},"end":{"line":63,"column":9}},"5":{"start":{"line":41,"column":28},"end":{"line":60,"column":5}},"6":{"start":{"line":42,"column":6},"end":{"line":59,"column":7}},"7":{"start":{"line":43,"column":26},"end":{"line":43,"column":59}},"8":{"start":{"line":44,"column":25},"end":{"line":51,"column":9}},"9":{"start":{"line":52,"column":8},"end":{"line":52,"column":37}},"10":{"start":{"line":53,"column":8},"end":{"line":53,"column":35}},"11":{"start":{"line":55,"column":8},"end":{"line":58,"column":10}},"12":{"start":{"line":62,"column":4},"end":{"line":62,"column":22}},"13":{"start":{"line":69,"column":6},"end":{"line":88,"column":4}},"14":{"start":{"line":89,"column":21},"end":{"line":91,"column":3}},"15":{"start":{"line":90,"column":4},"end":{"line":90,"column":21}},"16":{"start":{"line":92,"column":20},"end":{"line":94,"column":3}},"17":{"start":{"line":93,"column":4},"end":{"line":93,"column":20}},"18":{"start":{"line":97,"column":24},"end":{"line":99,"column":48}},"19":{"start":{"line":99,"column":21},"end":{"line":99,"column":47}},"20":{"start":{"line":101,"column":4},"end":{"line":101,"column":58}},"21":{"start":{"line":104,"column":20},"end":{"line":104,"column":42}},"22":{"start":{"line":105,"column":20},"end":{"line":105,"column":53}},"23":{"start":{"line":107,"column":23},"end":{"line":131,"column":3}},"24":{"start":{"line":108,"column":4},"end":{"line":130,"column":5}},"25":{"start":{"line":109,"column":23},"end":{"line":117,"column":7}},"26":{"start":{"line":119,"column":6},"end":{"line":119,"column":64}},"27":{"start":{"line":121,"column":6},"end":{"line":121,"column":23}},"28":{"start":{"line":125,"column":6},"end":{"line":128,"column":8}},"29":{"start":{"line":129,"column":6},"end":{"line":129,"column":42}},"30":{"start":{"line":133,"column":46},"end":{"line":170,"column":3}},"31":{"start":{"line":135,"column":4},"end":{"line":135,"column":42}},"32":{"start":{"line":136,"column":4},"end":{"line":169,"column":5}},"33":{"start":{"line":137,"column":23},"end":{"line":147,"column":7}},"34":{"start":{"line":149,"column":6},"end":{"line":149,"column":64}},"35":{"start":{"line":154,"column":6},"end":{"line":154,"column":23}},"36":{"start":{"line":157,"column":6},"end":{"line":157,"column":21}},"37":{"start":{"line":164,"column":6},"end":{"line":167,"column":8}},"38":{"start":{"line":168,"column":6},"end":{"line":168,"column":40}},"39":{"start":{"line":172,"column":2},"end":{"line":495,"column":4}},"40":{"start":{"line":243,"column":32},"end":{"line":248,"column":41}}},"fnMap":{"0":{"name":"(anonymous_0)","decl":{"start":{"line":33,"column":5},"end":{"line":33,"column":6}},"loc":{"start":{"line":33,"column":21},"end":{"line":496,"column":1}},"line":33},"1":{"name":"(anonymous_1)","decl":{"start":{"line":40,"column":12},"end":{"line":40,"column":13}},"loc":{"start":{"line":40,"column":18},"end":{"line":63,"column":3}},"line":40},"2":{"name":"(anonymous_2)","decl":{"start":{"line":41,"column":28},"end":{"line":41,"column":29}},"loc":{"start":{"line":41,"column":40},"end":{"line":60,"column":5}},"line":41},"3":{"name":"(anonymous_3)","decl":{"start":{"line":89,"column":21},"end":{"line":89,"column":22}},"loc":{"start":{"line":89,"column":27},"end":{"line":91,"column":3}},"line":89},"4":{"name":"(anonymous_4)","decl":{"start":{"line":92,"column":20},"end":{"line":92,"column":21}},"loc":{"start":{"line":92,"column":26},"end":{"line":94,"column":3}},"line":92},"5":{"name":"getCookie","decl":{"start":{"line":96,"column":11},"end":{"line":96,"column":20}},"loc":{"start":{"line":96,"column":35},"end":{"line":102,"column":3}},"line":96},"6":{"name":"(anonymous_6)","decl":{"start":{"line":99,"column":12},"end":{"line":99,"column":13}},"loc":{"start":{"line":99,"column":21},"end":{"line":99,"column":47}},"line":99},"7":{"name":"(anonymous_7)","decl":{"start":{"line":107,"column":23},"end":{"line":107,"column":24}},"loc":{"start":{"line":107,"column":35},"end":{"line":131,"column":3}},"line":107},"8":{"name":"(anonymous_8)","decl":{"start":{"line":133,"column":46},"end":{"line":133,"column":47}},"loc":{"start":{"line":133,"column":62},"end":{"line":170,"column":3}},"line":133},"9":{"name":"(anonymous_9)","decl":{"start":{"line":242,"column":45},"end":{"line":242,"column":46}},"loc":{"start":{"line":243,"column":32},"end":{"line":248,"column":41}},"line":243}},"branchMap":{"0":{"loc":{"start":{"line":57,"column":10},"end":{"line":57,"column":47}},"type":"binary-expr","locations":[{"start":{"line":57,"column":10},"end":{"line":57,"column":30}},{"start":{"line":57,"column":34},"end":{"line":57,"column":47}}],"line":57},"1":{"loc":{"start":{"line":101,"column":11},"end":{"line":101,"column":57}},"type":"cond-expr","locations":[{"start":{"line":101,"column":25},"end":{"line":101,"column":50}},{"start":{"line":101,"column":53},"end":{"line":101,"column":57}}],"line":101},"2":{"loc":{"start":{"line":127,"column":8},"end":{"line":127,"column":45}},"type":"binary-expr","locations":[{"start":{"line":127,"column":8},"end":{"line":127,"column":28}},{"start":{"line":127,"column":32},"end":{"line":127,"column":45}}],"line":127},"3":{"loc":{"start":{"line":166,"column":8},"end":{"line":166,"column":45}},"type":"binary-expr","locations":[{"start":{"line":166,"column":8},"end":{"line":166,"column":28}},{"start":{"line":166,"column":32},"end":{"line":166,"column":45}}],"line":166},"4":{"loc":{"start":{"line":226,"column":30},"end":{"line":226,"column":66}},"type":"cond-expr","locations":[{"start":{"line":226,"column":45},"end":{"line":226,"column":61}},{"start":{"line":226,"column":64},"end":{"line":226,"column":66}}],"line":226},"5":{"loc":{"start":{"line":237,"column":30},"end":{"line":237,"column":74}},"type":"cond-expr","locations":[{"start":{"line":237,"column":53},"end":{"line":237,"column":69}},{"start":{"line":237,"column":72},"end":{"line":237,"column":74}}],"line":237},"6":{"loc":{"start":{"line":241,"column":29},"end":{"line":249,"column":32}},"type":"binary-expr","locations":[{"start":{"line":241,"column":29},"end":{"line":241,"column":39}},{"start":{"line":242,"column":30},"end":{"line":249,"column":32}}],"line":241},"7":{"loc":{"start":{"line":264,"column":30},"end":{"line":264,"column":66}},"type":"cond-expr","locations":[{"start":{"line":264,"column":45},"end":{"line":264,"column":61}},{"start":{"line":264,"column":64},"end":{"line":264,"column":66}}],"line":264},"8":{"loc":{"start":{"line":278,"column":30},"end":{"line":278,"column":71}},"type":"cond-expr","locations":[{"start":{"line":278,"column":50},"end":{"line":278,"column":66}},{"start":{"line":278,"column":69},"end":{"line":278,"column":71}}],"line":278},"9":{"loc":{"start":{"line":296,"column":30},"end":{"line":296,"column":66}},"type":"cond-expr","locations":[{"start":{"line":296,"column":45},"end":{"line":296,"column":61}},{"start":{"line":296,"column":64},"end":{"line":296,"column":66}}],"line":296},"10":{"loc":{"start":{"line":304,"column":27},"end":{"line":308,"column":27}},"type":"binary-expr","locations":[{"start":{"line":304,"column":27},"end":{"line":304,"column":39}},{"start":{"line":305,"column":28},"end":{"line":307,"column":32}}],"line":304},"11":{"loc":{"start":{"line":320,"column":30},"end":{"line":320,"column":66}},"type":"cond-expr","locations":[{"start":{"line":320,"column":45},"end":{"line":320,"column":61}},{"start":{"line":320,"column":64},"end":{"line":320,"column":66}}],"line":320},"12":{"loc":{"start":{"line":336,"column":30},"end":{"line":336,"column":69}},"type":"cond-expr","locations":[{"start":{"line":336,"column":48},"end":{"line":336,"column":64}},{"start":{"line":336,"column":67},"end":{"line":336,"column":69}}],"line":336},"13":{"loc":{"start":{"line":349,"column":30},"end":{"line":349,"column":70}},"type":"cond-expr","locations":[{"start":{"line":349,"column":49},"end":{"line":349,"column":65}},{"start":{"line":349,"column":68},"end":{"line":349,"column":70}}],"line":349},"14":{"loc":{"start":{"line":364,"column":30},"end":{"line":364,"column":69}},"type":"cond-expr","locations":[{"start":{"line":364,"column":48},"end":{"line":364,"column":64}},{"start":{"line":364,"column":67},"end":{"line":364,"column":69}}],"line":364},"15":{"loc":{"start":{"line":378,"column":30},"end":{"line":378,"column":74}},"type":"cond-expr","locations":[{"start":{"line":378,"column":53},"end":{"line":378,"column":69}},{"start":{"line":378,"column":72},"end":{"line":378,"column":74}}],"line":378},"16":{"loc":{"start":{"line":392,"column":28},"end":{"line":392,"column":70}},"type":"cond-expr","locations":[{"start":{"line":392,"column":49},"end":{"line":392,"column":65}},{"start":{"line":392,"column":68},"end":{"line":392,"column":70}}],"line":392},"17":{"loc":{"start":{"line":467,"column":23},"end":{"line":471,"column":23}},"type":"binary-expr","locations":[{"start":{"line":467,"column":23},"end":{"line":467,"column":28}},{"start":{"line":468,"column":24},"end":{"line":470,"column":30}}],"line":467}},"s":{"0":1,"1":0,"2":0,"3":0,"4":0,"5":0,"6":0,"7":0,"8":0,"9":0,"10":0,"11":0,"12":0,"13":0,"14":0,"15":0,"16":0,"17":0,"18":0,"19":0,"20":0,"21":0,"22":0,"23":0,"24":0,"25":0,"26":0,"27":0,"28":0,"29":0,"30":0,"31":0,"32":0,"33":0,"34":0,"35":0,"36":0,"37":0,"38":0,"39":0,"40":0},"f":{"0":0,"1":0,"2":0,"3":0,"4":0,"5":0,"6":0,"7":0,"8":0,"9":0},"b":{"0":[0,0],"1":[0,0],"2":[0,0],"3":[0,0],"4":[0,0],"5":[0,0],"6":[0,0],"7":[0,0],"8":[0,0],"9":[0,0],"10":[0,0],"11":[0,0],"12":[0,0],"13":[0,0],"14":[0,0],"15":[0,0],"16":[0,0],"17":[0,0]},"_coverageSchema":"1a1c01bbd47fc00a2c39e90264f33305004495a9","hash":"79dee67ddf4b566e5aefee821c557c7391ba51fc"}
,"/home/mahendar07/wd401/react-django/frontend/src/pages/courses/NewCourse.tsx": {"path":"/home/mahendar07/wd401/react-django/frontend/src/pages/courses/NewCourse.tsx","statementMap":{"0":{"start":{"line":37,"column":25},"end":{"line":446,"column":1}},"1":{"start":{"line":38,"column":30},"end":{"line":38,"column":45}},"2":{"start":{"line":41,"column":28},"end":{"line":41,"column":57}},"3":{"start":{"line":43,"column":38},"end":{"line":43,"column":66}},"4":{"start":{"line":45,"column":50},"end":{"line":47,"column":5}},"5":{"start":{"line":49,"column":20},"end":{"line":49,"column":53}},"6":{"start":{"line":51,"column":2},"end":{"line":74,"column":18}},"7":{"start":{"line":52,"column":28},"end":{"line":71,"column":5}},"8":{"start":{"line":53,"column":6},"end":{"line":70,"column":7}},"9":{"start":{"line":55,"column":25},"end":{"line":62,"column":9}},"10":{"start":{"line":63,"column":8},"end":{"line":63,"column":37}},"11":{"start":{"line":64,"column":8},"end":{"line":64,"column":35}},"12":{"start":{"line":66,"column":8},"end":{"line":69,"column":10}},"13":{"start":{"line":73,"column":4},"end":{"line":73,"column":22}},"14":{"start":{"line":81,"column":6},"end":{"line":81,"column":27}},"15":{"start":{"line":82,"column":21},"end":{"line":84,"column":3}},"16":{"start":{"line":83,"column":4},"end":{"line":83,"column":21}},"17":{"start":{"line":85,"column":20},"end":{"line":87,"column":3}},"18":{"start":{"line":86,"column":4},"end":{"line":86,"column":20}},"19":{"start":{"line":90,"column":19},"end":{"line":90,"column":38}},"20":{"start":{"line":92,"column":46},"end":{"line":102,"column":3}},"21":{"start":{"line":93,"column":4},"end":{"line":101,"column":5}},"22":{"start":{"line":94,"column":6},"end":{"line":94,"column":41}},"23":{"start":{"line":97,"column":6},"end":{"line":97,"column":23}},"24":{"start":{"line":98,"column":6},"end":{"line":98,"column":21}},"25":{"start":{"line":100,"column":6},"end":{"line":100,"column":42}},"26":{"start":{"line":104,"column":2},"end":{"line":445,"column":4}},"27":{"start":{"line":173,"column":59},"end":{"line":173,"column":73}},"28":{"start":{"line":174,"column":55},"end":{"line":177,"column":31}},"29":{"start":{"line":176,"column":34},"end":{"line":176,"column":73}},"30":{"start":{"line":178,"column":30},"end":{"line":181,"column":31}},"31":{"start":{"line":179,"column":32},"end":{"line":179,"column":74}},"32":{"start":{"line":180,"column":32},"end":{"line":180,"column":70}},"33":{"start":{"line":187,"column":32},"end":{"line":192,"column":41}}},"fnMap":{"0":{"name":"(anonymous_0)","decl":{"start":{"line":37,"column":25},"end":{"line":37,"column":26}},"loc":{"start":{"line":37,"column":31},"end":{"line":446,"column":1}},"line":37},"1":{"name":"(anonymous_1)","decl":{"start":{"line":51,"column":12},"end":{"line":51,"column":13}},"loc":{"start":{"line":51,"column":18},"end":{"line":74,"column":3}},"line":51},"2":{"name":"(anonymous_2)","decl":{"start":{"line":52,"column":28},"end":{"line":52,"column":29}},"loc":{"start":{"line":52,"column":40},"end":{"line":71,"column":5}},"line":52},"3":{"name":"(anonymous_3)","decl":{"start":{"line":82,"column":21},"end":{"line":82,"column":22}},"loc":{"start":{"line":82,"column":27},"end":{"line":84,"column":3}},"line":82},"4":{"name":"(anonymous_4)","decl":{"start":{"line":85,"column":20},"end":{"line":85,"column":21}},"loc":{"start":{"line":85,"column":26},"end":{"line":87,"column":3}},"line":85},"5":{"name":"(anonymous_5)","decl":{"start":{"line":92,"column":46},"end":{"line":92,"column":47}},"loc":{"start":{"line":92,"column":62},"end":{"line":102,"column":3}},"line":92},"6":{"name":"(anonymous_6)","decl":{"start":{"line":172,"column":38},"end":{"line":172,"column":39}},"loc":{"start":{"line":172,"column":45},"end":{"line":182,"column":29}},"line":172},"7":{"name":"(anonymous_7)","decl":{"start":{"line":175,"column":32},"end":{"line":175,"column":33}},"loc":{"start":{"line":176,"column":34},"end":{"line":176,"column":73}},"line":176},"8":{"name":"(anonymous_8)","decl":{"start":{"line":186,"column":45},"end":{"line":186,"column":46}},"loc":{"start":{"line":187,"column":32},"end":{"line":192,"column":41}},"line":187}},"branchMap":{"0":{"loc":{"start":{"line":68,"column":10},"end":{"line":68,"column":47}},"type":"binary-expr","locations":[{"start":{"line":68,"column":10},"end":{"line":68,"column":30}},{"start":{"line":68,"column":34},"end":{"line":68,"column":47}}],"line":68},"1":{"loc":{"start":{"line":159,"column":30},"end":{"line":159,"column":66}},"type":"cond-expr","locations":[{"start":{"line":159,"column":45},"end":{"line":159,"column":61}},{"start":{"line":159,"column":64},"end":{"line":159,"column":66}}],"line":159},"2":{"loc":{"start":{"line":170,"column":30},"end":{"line":170,"column":69}},"type":"cond-expr","locations":[{"start":{"line":170,"column":48},"end":{"line":170,"column":64}},{"start":{"line":170,"column":67},"end":{"line":170,"column":69}}],"line":170},"3":{"loc":{"start":{"line":178,"column":30},"end":{"line":181,"column":31}},"type":"if","locations":[{"start":{"line":178,"column":30},"end":{"line":181,"column":31}},{"start":{},"end":{}}],"line":178},"4":{"loc":{"start":{"line":185,"column":29},"end":{"line":193,"column":32}},"type":"binary-expr","locations":[{"start":{"line":185,"column":29},"end":{"line":185,"column":39}},{"start":{"line":186,"column":30},"end":{"line":193,"column":32}}],"line":185},"5":{"loc":{"start":{"line":195,"column":27},"end":{"line":199,"column":27}},"type":"binary-expr","locations":[{"start":{"line":195,"column":27},"end":{"line":195,"column":42}},{"start":{"line":196,"column":28},"end":{"line":198,"column":32}}],"line":195},"6":{"loc":{"start":{"line":207,"column":28},"end":{"line":207,"column":79}},"type":"cond-expr","locations":[{"start":{"line":207,"column":47},"end":{"line":207,"column":74}},{"start":{"line":207,"column":77},"end":{"line":207,"column":79}}],"line":207},"7":{"loc":{"start":{"line":222,"column":30},"end":{"line":222,"column":66}},"type":"cond-expr","locations":[{"start":{"line":222,"column":45},"end":{"line":222,"column":61}},{"start":{"line":222,"column":64},"end":{"line":222,"column":66}}],"line":222},"8":{"loc":{"start":{"line":236,"column":30},"end":{"line":236,"column":71}},"type":"cond-expr","locations":[{"start":{"line":236,"column":50},"end":{"line":236,"column":66}},{"start":{"line":236,"column":69},"end":{"line":236,"column":71}}],"line":236},"9":{"loc":{"start":{"line":254,"column":30},"end":{"line":254,"column":66}},"type":"cond-expr","locations":[{"start":{"line":254,"column":45},"end":{"line":254,"column":61}},{"start":{"line":254,"column":64},"end":{"line":254,"column":66}}],"line":254},"10":{"loc":{"start":{"line":262,"column":27},"end":{"line":266,"column":27}},"type":"binary-expr","locations":[{"start":{"line":262,"column":27},"end":{"line":262,"column":39}},{"start":{"line":263,"column":28},"end":{"line":265,"column":32}}],"line":262},"11":{"loc":{"start":{"line":278,"column":30},"end":{"line":278,"column":66}},"type":"cond-expr","locations":[{"start":{"line":278,"column":45},"end":{"line":278,"column":61}},{"start":{"line":278,"column":64},"end":{"line":278,"column":66}}],"line":278},"12":{"loc":{"start":{"line":294,"column":30},"end":{"line":294,"column":69}},"type":"cond-expr","locations":[{"start":{"line":294,"column":48},"end":{"line":294,"column":64}},{"start":{"line":294,"column":67},"end":{"line":294,"column":69}}],"line":294},"13":{"loc":{"start":{"line":307,"column":30},"end":{"line":307,"column":70}},"type":"cond-expr","locations":[{"start":{"line":307,"column":49},"end":{"line":307,"column":65}},{"start":{"line":307,"column":68},"end":{"line":307,"column":70}}],"line":307},"14":{"loc":{"start":{"line":322,"column":30},"end":{"line":322,"column":69}},"type":"cond-expr","locations":[{"start":{"line":322,"column":48},"end":{"line":322,"column":64}},{"start":{"line":322,"column":67},"end":{"line":322,"column":69}}],"line":322},"15":{"loc":{"start":{"line":335,"column":30},"end":{"line":335,"column":74}},"type":"cond-expr","locations":[{"start":{"line":335,"column":53},"end":{"line":335,"column":69}},{"start":{"line":335,"column":72},"end":{"line":335,"column":74}}],"line":335},"16":{"loc":{"start":{"line":349,"column":28},"end":{"line":349,"column":70}},"type":"cond-expr","locations":[{"start":{"line":349,"column":49},"end":{"line":349,"column":65}},{"start":{"line":349,"column":68},"end":{"line":349,"column":70}}],"line":349},"17":{"loc":{"start":{"line":424,"column":23},"end":{"line":428,"column":23}},"type":"binary-expr","locations":[{"start":{"line":424,"column":23},"end":{"line":424,"column":28}},{"start":{"line":425,"column":24},"end":{"line":427,"column":30}}],"line":424}},"s":{"0":1,"1":2,"2":2,"3":2,"4":2,"5":2,"6":2,"7":2,"8":2,"9":2,"10":0,"11":0,"12":0,"13":2,"14":2,"15":2,"16":0,"17":2,"18":0,"19":2,"20":2,"21":0,"22":0,"23":0,"24":0,"25":0,"26":2,"27":0,"28":0,"29":0,"30":0,"31":0,"32":0,"33":0},"f":{"0":2,"1":2,"2":2,"3":0,"4":0,"5":0,"6":0,"7":0,"8":0},"b":{"0":[0,0],"1":[0,2],"2":[0,2],"3":[0,0],"4":[2,2],"5":[2,0],"6":[0,2],"7":[0,2],"8":[0,2],"9":[0,2],"10":[2,0],"11":[0,2],"12":[0,2],"13":[0,2],"14":[0,2],"15":[0,2],"16":[0,2],"17":[2,0]},"_coverageSchema":"1a1c01bbd47fc00a2c39e90264f33305004495a9","hash":"5893514ba3f48b596b0d063b1570f10255d41c42"}
,"/home/mahendar07/wd401/react-django/frontend/src/pages/dashboard/index.tsx": {"path":"/home/mahendar07/wd401/react-django/frontend/src/pages/dashboard/index.tsx","statementMap":{"0":{"start":{"line":11,"column":28},"end":{"line":241,"column":1}},"1":{"start":{"line":12,"column":16},"end":{"line":12,"column":32}},"2":{"start":{"line":13,"column":21},"end":{"line":13,"column":26}},"3":{"start":{"line":16,"column":17},"end":{"line":16,"column":21}},"4":{"start":{"line":18,"column":25},"end":{"line":18,"column":57}},"5":{"start":{"line":19,"column":2},"end":{"line":21,"column":3}},"6":{"start":{"line":20,"column":4},"end":{"line":20,"column":42}},"7":{"start":{"line":23,"column":13},"end":{"line":23,"column":17}},"8":{"start":{"line":25,"column":2},"end":{"line":27,"column":3}},"9":{"start":{"line":26,"column":4},"end":{"line":26,"column":25}},"10":{"start":{"line":29,"column":2},"end":{"line":31,"column":3}},"11":{"start":{"line":30,"column":4},"end":{"line":30,"column":24}},"12":{"start":{"line":33,"column":2},"end":{"line":33,"column":44}},"13":{"start":{"line":45,"column":29},"end":{"line":45,"column":57}},"14":{"start":{"line":47,"column":34},"end":{"line":53,"column":3}},"15":{"start":{"line":48,"column":4},"end":{"line":52,"column":5}},"16":{"start":{"line":49,"column":6},"end":{"line":51,"column":9}},"17":{"start":{"line":55,"column":2},"end":{"line":240,"column":4}}},"fnMap":{"0":{"name":"(anonymous_0)","decl":{"start":{"line":11,"column":28},"end":{"line":11,"column":29}},"loc":{"start":{"line":11,"column":34},"end":{"line":241,"column":1}},"line":11},"1":{"name":"(anonymous_1)","decl":{"start":{"line":47,"column":34},"end":{"line":47,"column":35}},"loc":{"start":{"line":47,"column":40},"end":{"line":53,"column":3}},"line":47}},"branchMap":{"0":{"loc":{"start":{"line":19,"column":2},"end":{"line":21,"column":3}},"type":"if","locations":[{"start":{"line":19,"column":2},"end":{"line":21,"column":3}},{"start":{},"end":{}}],"line":19},"1":{"loc":{"start":{"line":25,"column":2},"end":{"line":27,"column":3}},"type":"if","locations":[{"start":{"line":25,"column":2},"end":{"line":27,"column":3}},{"start":{},"end":{}}],"line":25},"2":{"loc":{"start":{"line":29,"column":2},"end":{"line":31,"column":3}},"type":"if","locations":[{"start":{"line":29,"column":2},"end":{"line":31,"column":3}},{"start":{},"end":{}}],"line":29},"3":{"loc":{"start":{"line":29,"column":6},"end":{"line":29,"column":32}},"type":"binary-expr","locations":[{"start":{"line":29,"column":6},"end":{"line":29,"column":10}},{"start":{"line":29,"column":14},"end":{"line":29,"column":32}}],"line":29},"4":{"loc":{"start":{"line":48,"column":4},"end":{"line":52,"column":5}},"type":"if","locations":[{"start":{"line":48,"column":4},"end":{"line":52,"column":5}},{"start":{},"end":{}}],"line":48},"5":{"loc":{"start":{"line":142,"column":7},"end":{"line":158,"column":7}},"type":"binary-expr","locations":[{"start":{"line":142,"column":7},"end":{"line":142,"column":19}},{"start":{"line":143,"column":8},"end":{"line":157,"column":14}}],"line":142},"6":{"loc":{"start":{"line":161,"column":7},"end":{"line":177,"column":7}},"type":"binary-expr","locations":[{"start":{"line":161,"column":7},"end":{"line":161,"column":19}},{"start":{"line":162,"column":8},"end":{"line":176,"column":14}}],"line":161}},"s":{"0":1,"1":6,"2":6,"3":6,"4":6,"5":6,"6":4,"7":6,"8":6,"9":4,"10":6,"11":2,"12":6,"13":6,"14":6,"15":1,"16":1,"17":6},"f":{"0":6,"1":1},"b":{"0":[4,2],"1":[4,2],"2":[2,4],"3":[6,4],"4":[1,0],"5":[6,2],"6":[6,2]},"_coverageSchema":"1a1c01bbd47fc00a2c39e90264f33305004495a9","hash":"f29625a8383dd8b6bd982c8585fec44f5463598c"}
,"/home/mahendar07/wd401/react-django/frontend/src/pages/signin/SigninForm.tsx": {"path":"/home/mahendar07/wd401/react-django/frontend/src/pages/signin/SigninForm.tsx","statementMap":{"0":{"start":{"line":12,"column":19},"end":{"line":118,"column":1}},"1":{"start":{"line":15,"column":28},"end":{"line":15,"column":57}},"2":{"start":{"line":16,"column":19},"end":{"line":16,"column":32}},"3":{"start":{"line":22,"column":6},"end":{"line":22,"column":23}},"4":{"start":{"line":24,"column":42},"end":{"line":54,"column":3}},"5":{"start":{"line":25,"column":32},"end":{"line":25,"column":36}},"6":{"start":{"line":27,"column":4},"end":{"line":53,"column":5}},"7":{"start":{"line":28,"column":23},"end":{"line":31,"column":8}},"8":{"start":{"line":37,"column":6},"end":{"line":37,"column":55}},"9":{"start":{"line":39,"column":35},"end":{"line":39,"column":48}},"10":{"start":{"line":42,"column":6},"end":{"line":42,"column":52}},"11":{"start":{"line":43,"column":6},"end":{"line":43,"column":61}},"12":{"start":{"line":44,"column":6},"end":{"line":44,"column":52}},"13":{"start":{"line":47,"column":6},"end":{"line":47,"column":21}},"14":{"start":{"line":48,"column":6},"end":{"line":48,"column":20}},"15":{"start":{"line":51,"column":6},"end":{"line":51,"column":78}},"16":{"start":{"line":52,"column":6},"end":{"line":52,"column":44}},"17":{"start":{"line":56,"column":2},"end":{"line":117,"column":4}}},"fnMap":{"0":{"name":"(anonymous_0)","decl":{"start":{"line":12,"column":19},"end":{"line":12,"column":20}},"loc":{"start":{"line":12,"column":25},"end":{"line":118,"column":1}},"line":12},"1":{"name":"(anonymous_1)","decl":{"start":{"line":24,"column":42},"end":{"line":24,"column":43}},"loc":{"start":{"line":24,"column":58},"end":{"line":54,"column":3}},"line":24}},"branchMap":{"0":{"loc":{"start":{"line":51,"column":39},"end":{"line":51,"column":76}},"type":"binary-expr","locations":[{"start":{"line":51,"column":39},"end":{"line":51,"column":59}},{"start":{"line":51,"column":63},"end":{"line":51,"column":76}}],"line":51},"1":{"loc":{"start":{"line":73,"column":14},"end":{"line":73,"column":50}},"type":"cond-expr","locations":[{"start":{"line":73,"column":29},"end":{"line":73,"column":45}},{"start":{"line":73,"column":48},"end":{"line":73,"column":50}}],"line":73},"2":{"loc":{"start":{"line":91,"column":14},"end":{"line":91,"column":53}},"type":"cond-expr","locations":[{"start":{"line":91,"column":32},"end":{"line":91,"column":48}},{"start":{"line":91,"column":51},"end":{"line":91,"column":53}}],"line":91},"3":{"loc":{"start":{"line":95,"column":9},"end":{"line":97,"column":9}},"type":"binary-expr","locations":[{"start":{"line":95,"column":9},"end":{"line":95,"column":14}},{"start":{"line":96,"column":10},"end":{"line":96,"column":76}}],"line":95}},"s":{"0":1,"1":2,"2":2,"3":2,"4":2,"5":1,"6":1,"7":1,"8":1,"9":1,"10":1,"11":1,"12":1,"13":1,"14":1,"15":0,"16":0,"17":2},"f":{"0":2,"1":1},"b":{"0":[0,0],"1":[0,2],"2":[0,2],"3":[2,0]},"_coverageSchema":"1a1c01bbd47fc00a2c39e90264f33305004495a9","hash":"3aaef40385eb119fd50a01ef3ec9dff2c41758ba"}
,"/home/mahendar07/wd401/react-django/frontend/src/pages/signup/SignupForm.tsx": {"path":"/home/mahendar07/wd401/react-django/frontend/src/pages/signup/SignupForm.tsx","statementMap":{"0":{"start":{"line":13,"column":19},"end":{"line":153,"column":1}},"1":{"start":{"line":16,"column":19},"end":{"line":16,"column":32}},"2":{"start":{"line":22,"column":6},"end":{"line":22,"column":23}},"3":{"start":{"line":24,"column":42},"end":{"line":56,"column":3}},"4":{"start":{"line":25,"column":48},"end":{"line":25,"column":52}},"5":{"start":{"line":27,"column":4},"end":{"line":55,"column":5}},"6":{"start":{"line":28,"column":23},"end":{"line":33,"column":8}},"7":{"start":{"line":39,"column":6},"end":{"line":39,"column":55}},"8":{"start":{"line":41,"column":35},"end":{"line":41,"column":48}},"9":{"start":{"line":44,"column":6},"end":{"line":44,"column":52}},"10":{"start":{"line":45,"column":6},"end":{"line":45,"column":61}},"11":{"start":{"line":46,"column":6},"end":{"line":46,"column":52}},"12":{"start":{"line":48,"column":6},"end":{"line":48,"column":41}},"13":{"start":{"line":49,"column":6},"end":{"line":49,"column":26}},"14":{"start":{"line":51,"column":6},"end":{"line":54,"column":8}},"15":{"start":{"line":58,"column":2},"end":{"line":152,"column":4}}},"fnMap":{"0":{"name":"(anonymous_0)","decl":{"start":{"line":13,"column":19},"end":{"line":13,"column":20}},"loc":{"start":{"line":13,"column":25},"end":{"line":153,"column":1}},"line":13},"1":{"name":"(anonymous_1)","decl":{"start":{"line":24,"column":42},"end":{"line":24,"column":43}},"loc":{"start":{"line":24,"column":58},"end":{"line":56,"column":3}},"line":24}},"branchMap":{"0":{"loc":{"start":{"line":53,"column":8},"end":{"line":53,"column":45}},"type":"binary-expr","locations":[{"start":{"line":53,"column":8},"end":{"line":53,"column":28}},{"start":{"line":53,"column":32},"end":{"line":53,"column":45}}],"line":53},"1":{"loc":{"start":{"line":75,"column":14},"end":{"line":75,"column":53}},"type":"cond-expr","locations":[{"start":{"line":75,"column":32},"end":{"line":75,"column":48}},{"start":{"line":75,"column":51},"end":{"line":75,"column":53}}],"line":75},"2":{"loc":{"start":{"line":93,"column":14},"end":{"line":93,"column":50}},"type":"cond-expr","locations":[{"start":{"line":93,"column":29},"end":{"line":93,"column":45}},{"start":{"line":93,"column":48},"end":{"line":93,"column":50}}],"line":93},"3":{"loc":{"start":{"line":111,"column":14},"end":{"line":111,"column":53}},"type":"cond-expr","locations":[{"start":{"line":111,"column":32},"end":{"line":111,"column":48}},{"start":{"line":111,"column":51},"end":{"line":111,"column":53}}],"line":111},"4":{"loc":{"start":{"line":126,"column":14},"end":{"line":126,"column":49}},"type":"cond-expr","locations":[{"start":{"line":126,"column":28},"end":{"line":126,"column":44}},{"start":{"line":126,"column":47},"end":{"line":126,"column":49}}],"line":126}},"s":{"0":1,"1":2,"2":2,"3":2,"4":1,"5":1,"6":1,"7":1,"8":1,"9":1,"10":1,"11":1,"12":1,"13":1,"14":0,"15":2},"f":{"0":2,"1":1},"b":{"0":[0,0],"1":[0,2],"2":[0,2],"3":[0,2],"4":[0,2]},"_coverageSchema":"1a1c01bbd47fc00a2c39e90264f33305004495a9","hash":"1e8c3a0c094b8d500aca6f65b28c4be1103ef106"}
}
