{"/home/mahendar07/wd401/react-django/frontend/src/config/constants.ts": {"path":"/home/mahendar07/wd401/react-django/frontend/src/config/constants.ts","statementMap":{"0":{"start":{"line":2,"column":13},"end":{"line":2,"column":68}}},"fnMap":{},"branchMap":{},"s":{"0":2},"f":{},"b":{}}
,"/home/mahendar07/wd401/react-django/frontend/src/pages/signin/SigninForm.tsx": {"path":"/home/mahendar07/wd401/react-django/frontend/src/pages/signin/SigninForm.tsx","statementMap":{"0":{"start":{"line":2,"column":0},"end":{"line":2,"column":33}},"1":{"start":{"line":3,"column":0},"end":{"line":3,"column":57}},"2":{"start":{"line":4,"column":0},"end":{"line":4,"column":26}},"3":{"start":{"line":5,"column":0},"end":{"line":5,"column":47}},"4":{"start":{"line":6,"column":0},"end":{"line":6,"column":54}},"5":{"start":{"line":14,"column":19},"end":{"line":120,"column":1}},"6":{"start":{"line":17,"column":28},"end":{"line":17,"column":57}},"7":{"start":{"line":18,"column":19},"end":{"line":18,"column":32}},"8":{"start":{"line":24,"column":6},"end":{"line":24,"column":23}},"9":{"start":{"line":26,"column":42},"end":{"line":56,"column":3}},"10":{"start":{"line":27,"column":32},"end":{"line":27,"column":36}},"11":{"start":{"line":29,"column":4},"end":{"line":55,"column":5}},"12":{"start":{"line":30,"column":23},"end":{"line":33,"column":8}},"13":{"start":{"line":39,"column":6},"end":{"line":39,"column":55}},"14":{"start":{"line":41,"column":35},"end":{"line":41,"column":48}},"15":{"start":{"line":44,"column":6},"end":{"line":44,"column":52}},"16":{"start":{"line":45,"column":6},"end":{"line":45,"column":61}},"17":{"start":{"line":46,"column":6},"end":{"line":46,"column":52}},"18":{"start":{"line":49,"column":6},"end":{"line":49,"column":21}},"19":{"start":{"line":50,"column":6},"end":{"line":50,"column":20}},"20":{"start":{"line":53,"column":6},"end":{"line":53,"column":78}},"21":{"start":{"line":54,"column":6},"end":{"line":54,"column":44}},"22":{"start":{"line":58,"column":2},"end":{"line":119,"column":4}},"23":{"start":{"line":122,"column":0},"end":{"line":122,"column":26}}},"fnMap":{"0":{"name":"(anonymous_1)","decl":{"start":{"line":14,"column":19},"end":{"line":14,"column":22}},"loc":{"start":{"line":14,"column":24},"end":{"line":120,"column":1}}},"1":{"name":"(anonymous_2)","decl":{"start":{"line":26,"column":42},"end":{"line":26,"column":47}},"loc":{"start":{"line":26,"column":57},"end":{"line":56,"column":3}}}},"branchMap":{"0":{"loc":{"start":{"line":53,"column":39},"end":{"line":53,"column":76}},"type":"binary-expr","locations":[{"start":{"line":53,"column":39},"end":{"line":53,"column":59}},{"start":{"line":53,"column":63},"end":{"line":53,"column":76}}]},"1":{"loc":{"start":{"line":75,"column":14},"end":{"line":75,"column":null}},"type":"cond-expr","locations":[{"start":{"line":75,"column":29},"end":{"line":75,"column":45}},{"start":{"line":75,"column":48},"end":{"line":75,"column":null}}]},"2":{"loc":{"start":{"line":93,"column":14},"end":{"line":93,"column":null}},"type":"cond-expr","locations":[{"start":{"line":93,"column":32},"end":{"line":93,"column":48}},{"start":{"line":93,"column":51},"end":{"line":93,"column":null}}]},"3":{"loc":{"start":{"line":97,"column":9},"end":{"line":98,"column":null}},"type":"binary-expr","locations":[{"start":{"line":97,"column":9},"end":{"line":97,"column":14}},{"start":{"line":98,"column":10},"end":{"line":98,"column":76}}]}},"s":{"0":1,"1":1,"2":1,"3":1,"4":1,"5":1,"6":2,"7":2,"8":2,"9":2,"10":1,"11":1,"12":1,"13":1,"14":1,"15":1,"16":1,"17":1,"18":1,"19":1,"20":0,"21":0,"22":2,"23":1},"f":{"0":2,"1":1},"b":{"0":[0,0],"1":[0,2],"2":[0,2],"3":[2,0]}}
,"/home/mahendar07/wd401/react-django/frontend/src/pages/signup/SignupForm.tsx": {"path":"/home/mahendar07/wd401/react-django/frontend/src/pages/signup/SignupForm.tsx","statementMap":{"0":{"start":{"line":2,"column":0},"end":{"line":2,"column":57}},"1":{"start":{"line":3,"column":0},"end":{"line":3,"column":26}},"2":{"start":{"line":4,"column":0},"end":{"line":4,"column":47}},"3":{"start":{"line":5,"column":0},"end":{"line":5,"column":54}},"4":{"start":{"line":15,"column":19},"end":{"line":155,"column":1}},"5":{"start":{"line":18,"column":19},"end":{"line":18,"column":32}},"6":{"start":{"line":24,"column":6},"end":{"line":24,"column":23}},"7":{"start":{"line":26,"column":42},"end":{"line":58,"column":3}},"8":{"start":{"line":27,"column":48},"end":{"line":27,"column":52}},"9":{"start":{"line":29,"column":4},"end":{"line":57,"column":5}},"10":{"start":{"line":30,"column":23},"end":{"line":35,"column":8}},"11":{"start":{"line":41,"column":6},"end":{"line":41,"column":55}},"12":{"start":{"line":43,"column":35},"end":{"line":43,"column":48}},"13":{"start":{"line":46,"column":6},"end":{"line":46,"column":52}},"14":{"start":{"line":47,"column":6},"end":{"line":47,"column":61}},"15":{"start":{"line":48,"column":6},"end":{"line":48,"column":52}},"16":{"start":{"line":50,"column":6},"end":{"line":50,"column":41}},"17":{"start":{"line":51,"column":6},"end":{"line":51,"column":26}},"18":{"start":{"line":53,"column":6},"end":{"line":56,"column":8}},"19":{"start":{"line":60,"column":2},"end":{"line":154,"column":4}},"20":{"start":{"line":157,"column":0},"end":{"line":157,"column":26}}},"fnMap":{"0":{"name":"(anonymous_1)","decl":{"start":{"line":15,"column":19},"end":{"line":15,"column":22}},"loc":{"start":{"line":15,"column":24},"end":{"line":155,"column":1}}},"1":{"name":"(anonymous_2)","decl":{"start":{"line":26,"column":42},"end":{"line":26,"column":47}},"loc":{"start":{"line":26,"column":57},"end":{"line":58,"column":3}}}},"branchMap":{"0":{"loc":{"start":{"line":55,"column":8},"end":{"line":55,"column":45}},"type":"binary-expr","locations":[{"start":{"line":55,"column":8},"end":{"line":55,"column":28}},{"start":{"line":55,"column":32},"end":{"line":55,"column":45}}]},"1":{"loc":{"start":{"line":77,"column":14},"end":{"line":77,"column":null}},"type":"cond-expr","locations":[{"start":{"line":77,"column":32},"end":{"line":77,"column":48}},{"start":{"line":77,"column":51},"end":{"line":77,"column":null}}]},"2":{"loc":{"start":{"line":95,"column":14},"end":{"line":95,"column":null}},"type":"cond-expr","locations":[{"start":{"line":95,"column":29},"end":{"line":95,"column":45}},{"start":{"line":95,"column":48},"end":{"line":95,"column":null}}]},"3":{"loc":{"start":{"line":113,"column":14},"end":{"line":113,"column":null}},"type":"cond-expr","locations":[{"start":{"line":113,"column":32},"end":{"line":113,"column":48}},{"start":{"line":113,"column":51},"end":{"line":113,"column":null}}]},"4":{"loc":{"start":{"line":128,"column":14},"end":{"line":128,"column":null}},"type":"cond-expr","locations":[{"start":{"line":128,"column":28},"end":{"line":128,"column":44}},{"start":{"line":128,"column":47},"end":{"line":128,"column":null}}]}},"s":{"0":1,"1":1,"2":1,"3":1,"4":1,"5":2,"6":2,"7":2,"8":1,"9":1,"10":1,"11":1,"12":1,"13":1,"14":1,"15":1,"16":1,"17":1,"18":0,"19":2,"20":1},"f":{"0":2,"1":1},"b":{"0":[0,0],"1":[0,2],"2":[0,2],"3":[0,2],"4":[0,2]}}
}
