TN:
SF:src/config/constants.ts
FNF:0
FNH:0
DA:2,2
LF:1
LH:1
BRF:0
BRH:0
end_of_record
TN:
SF:src/pages/signin/SigninForm.tsx
FN:14,(anonymous_1)
FN:26,(anonymous_2)
FNF:2
FNH:2
FNDA:2,(anonymous_1)
FNDA:1,(anonymous_2)
DA:2,1
DA:3,1
DA:4,1
DA:5,1
DA:6,1
DA:14,1
DA:17,2
DA:18,2
DA:24,2
DA:26,2
DA:27,1
DA:29,1
DA:30,1
DA:39,1
DA:41,1
DA:44,1
DA:45,1
DA:46,1
DA:49,1
DA:50,1
DA:53,0
DA:54,0
DA:58,2
DA:122,1
LF:24
LH:22
BRDA:53,0,0,0
BRDA:53,0,1,0
BRDA:75,1,0,0
BRDA:75,1,1,2
BRDA:93,2,0,0
BRDA:93,2,1,2
BRDA:97,3,0,2
BRDA:97,3,1,0
BRF:8
BRH:3
end_of_record
TN:
SF:src/pages/signup/SignupForm.tsx
FN:15,(anonymous_1)
FN:26,(anonymous_2)
FNF:2
FNH:2
FNDA:2,(anonymous_1)
FNDA:1,(anonymous_2)
DA:2,1
DA:3,1
DA:4,1
DA:5,1
DA:15,1
DA:18,2
DA:24,2
DA:26,2
DA:27,1
DA:29,1
DA:30,1
DA:41,1
DA:43,1
DA:46,1
DA:47,1
DA:48,1
DA:50,1
DA:51,1
DA:53,0
DA:60,2
DA:157,1
LF:21
LH:20
BRDA:55,0,0,0
BRDA:55,0,1,0
BRDA:77,1,0,0
BRDA:77,1,1,2
BRDA:95,2,0,0
BRDA:95,2,1,2
BRDA:113,3,0,0
BRDA:113,3,1,2
BRDA:128,4,0,0
BRDA:128,4,1,2
BRF:10
BRH:4
end_of_record
