TN:
SF:src/context/course_details/context.tsx
FN:25,(anonymous_0)
FN:44,(anonymous_1)
FN:46,(anonymous_2)
FNF:3
FNH:0
FNDA:0,(anonymous_0)
FNDA:0,(anonymous_1)
FNDA:0,(anonymous_2)
DA:11,1
DA:22,1
DA:25,1
DA:28,0
DA:32,0
DA:44,1
DA:45,0
DA:46,1
DA:47,0
LF:9
LH:5
BRF:0
BRH:0
end_of_record
TN:
SF:src/context/course_details/reducer.ts
FN:68,(anonymous_0)
FNF:1
FNH:0
FNDA:0,(anonymous_0)
DA:41,1
DA:68,1
DA:72,0
DA:74,0
DA:79,0
DA:85,0
DA:93,0
LF:7
LH:2
BRDA:69,0,0,0
BRDA:72,1,0,0
BRDA:72,1,1,0
BRDA:72,1,2,0
BRDA:72,1,3,0
BRF:5
BRH:0
end_of_record
TN:
SF:src/context/courses/action.ts
FN:4,(anonymous_0)
FN:35,(anonymous_1)
FN:58,(anonymous_2)
FNF:3
FNH:0
FNDA:0,(anonymous_0)
FNDA:0,(anonymous_1)
FNDA:0,(anonymous_2)
DA:4,1
DA:5,0
DA:6,0
DA:7,0
DA:8,0
DA:9,0
DA:19,0
DA:20,0
DA:21,0
DA:23,0
DA:24,0
DA:28,0
DA:35,1
DA:36,0
DA:37,0
DA:38,0
DA:39,0
DA:45,0
DA:46,0
DA:47,0
DA:49,0
DA:51,0
DA:58,1
DA:66,0
DA:67,0
DA:68,0
DA:78,0
DA:79,0
DA:82,0
DA:84,0
DA:85,0
LF:31
LH:3
BRDA:5,0,0,0
BRDA:5,0,1,0
BRDA:26,1,0,0
BRDA:26,1,1,0
BRDA:36,2,0,0
BRDA:36,2,1,0
BRF:6
BRH:0
end_of_record
TN:
SF:src/context/courses/context.tsx
FN:17,(anonymous_0)
FN:36,(anonymous_1)
FN:37,(anonymous_2)
FNF:3
FNH:1
FNDA:0,(anonymous_0)
FNDA:0,(anonymous_1)
FNDA:2,(anonymous_2)
DA:5,1
DA:14,1
DA:17,1
DA:20,0
DA:24,0
DA:36,1
DA:37,2
LF:7
LH:5
BRF:0
BRH:0
end_of_record
TN:
SF:src/context/courses/reducer.ts
FN:41,(anonymous_0)
FNF:1
FNH:0
FNDA:0,(anonymous_0)
DA:32,1
DA:41,1
DA:45,0
DA:47,0
DA:52,0
DA:58,0
DA:65,0
DA:70,0
DA:76,0
DA:83,0
LF:10
LH:2
BRDA:42,0,0,0
BRDA:45,1,0,0
BRDA:45,1,1,0
BRDA:45,1,2,0
BRDA:45,1,3,0
BRDA:45,1,4,0
BRDA:45,1,5,0
BRDA:45,1,6,0
BRF:8
BRH:0
end_of_record
TN:
SF:src/context/module/context.tsx
FN:18,(anonymous_0)
FN:37,(anonymous_1)
FN:38,(anonymous_2)
FNF:3
FNH:0
FNDA:0,(anonymous_0)
FNDA:0,(anonymous_1)
FNDA:0,(anonymous_2)
DA:6,1
DA:15,1
DA:18,1
DA:21,0
DA:25,0
DA:37,1
DA:38,1
LF:7
LH:5
BRF:0
BRH:0
end_of_record
TN:
SF:src/context/module/reducer.ts
FN:36,(anonymous_0)
FNF:1
FNH:0
FNDA:0,(anonymous_0)
DA:27,1
DA:36,1
DA:40,0
DA:42,0
DA:47,0
DA:53,0
DA:61,0
LF:7
LH:2
BRDA:37,0,0,0
BRDA:40,1,0,0
BRDA:40,1,1,0
BRDA:40,1,2,0
BRDA:40,1,3,0
BRF:5
BRH:0
end_of_record
TN:
SF:src/pages/categories/NewCategory.tsx
FN:12,(anonymous_0)
FN:23,(anonymous_1)
FN:26,(anonymous_2)
FN:30,(anonymous_3)
FNF:4
FNH:1
FNDA:2,(anonymous_0)
FNDA:0,(anonymous_1)
FNDA:0,(anonymous_2)
FNDA:0,(anonymous_3)
DA:12,1
DA:13,2
DA:16,2
DA:22,2
DA:23,2
DA:24,0
DA:26,2
DA:27,0
DA:29,2
DA:30,2
DA:31,0
DA:33,0
DA:34,0
DA:46,0
DA:48,0
DA:51,0
DA:55,0
DA:59,0
DA:63,2
LF:19
LH:9
BRDA:57,0,0,0
BRDA:57,0,1,0
BRDA:116,1,0,0
BRDA:116,1,1,2
BRDA:121,2,0,2
BRDA:121,2,1,0
BRF:6
BRH:2
end_of_record
TN:
SF:src/pages/courseDetails/CourseDetailsItems.tsx
FN:11,CourseDetails
FN:15,(anonymous_1)
FN:17,(anonymous_2)
FN:32,(anonymous_3)
FN:34,(anonymous_4)
FN:56,(anonymous_5)
FN:76,(anonymous_6)
FN:94,(anonymous_7)
FN:101,(anonymous_8)
FN:104,(anonymous_9)
FN:259,(anonymous_10)
FN:271,(anonymous_11)
FN:277,(anonymous_12)
FNF:13
FNH:5
FNDA:1,CourseDetails
FNDA:0,(anonymous_1)
FNDA:0,(anonymous_2)
FNDA:1,(anonymous_3)
FNDA:1,(anonymous_4)
FNDA:0,(anonymous_5)
FNDA:0,(anonymous_6)
FNDA:0,(anonymous_7)
FNDA:0,(anonymous_8)
FNDA:0,(anonymous_9)
FNDA:3,(anonymous_10)
FNDA:2,(anonymous_11)
FNDA:0,(anonymous_12)
DA:12,1
DA:13,1
DA:15,1
DA:17,0
DA:18,0
DA:23,1
DA:24,1
DA:26,1
DA:27,1
DA:29,1
DA:30,1
DA:32,1
DA:34,1
DA:35,1
DA:36,1
DA:44,0
DA:46,0
DA:50,1
DA:51,1
DA:55,1
DA:56,1
DA:57,0
DA:58,0
DA:69,0
DA:72,0
DA:76,1
DA:77,0
DA:78,0
DA:88,0
DA:90,0
DA:94,1
DA:95,0
DA:102,0
DA:105,0
DA:109,1
DA:110,0
DA:116,1
DA:117,0
DA:124,1
DA:125,0
DA:133,1
DA:137,1
DA:138,1
DA:140,1
DA:141,0
DA:142,0
DA:144,0
DA:148,1
DA:150,1
DA:151,0
DA:154,1
DA:155,0
DA:158,1
DA:159,1
DA:161,1
DA:260,3
DA:272,2
DA:277,0
LF:58
LH:34
BRDA:18,0,0,0
BRDA:18,0,1,0
BRDA:50,1,0,1
BRDA:50,1,1,0
BRDA:90,2,0,0
BRDA:90,2,1,0
BRDA:109,3,0,0
BRDA:109,3,1,1
BRDA:116,4,0,0
BRDA:116,4,1,1
BRDA:124,5,0,0
BRDA:124,5,1,1
BRDA:124,6,0,1
BRDA:124,6,1,1
BRDA:140,7,0,0
BRDA:140,7,1,1
BRDA:150,8,0,0
BRDA:150,8,1,1
BRDA:154,9,0,0
BRDA:154,9,1,1
BRDA:154,10,0,1
BRDA:154,10,1,0
BRDA:163,11,0,1
BRDA:163,11,1,0
BRDA:196,12,0,0
BRDA:196,12,1,1
BRDA:203,13,0,0
BRDA:203,13,1,1
BRDA:238,14,0,1
BRDA:238,14,1,0
BRDA:275,15,0,0
BRDA:275,15,1,2
BRDA:284,16,0,0
BRDA:284,16,1,2
BRDA:287,17,0,2
BRDA:287,17,1,0
BRDA:341,18,0,0
BRDA:341,18,1,1
BRDA:358,19,0,0
BRDA:358,19,1,1
BRF:40
BRH:19
end_of_record
TN:
SF:src/pages/courseDetails/CourseEditForm.tsx
FN:33,(anonymous_0)
FN:40,(anonymous_1)
FN:41,(anonymous_2)
FN:89,(anonymous_3)
FN:92,(anonymous_4)
FN:96,getCookie
FN:99,(anonymous_6)
FN:107,(anonymous_7)
FN:133,(anonymous_8)
FN:242,(anonymous_9)
FNF:10
FNH:0
FNDA:0,(anonymous_0)
FNDA:0,(anonymous_1)
FNDA:0,(anonymous_2)
FNDA:0,(anonymous_3)
FNDA:0,(anonymous_4)
FNDA:0,getCookie
FNDA:0,(anonymous_6)
FNDA:0,(anonymous_7)
FNDA:0,(anonymous_8)
FNDA:0,(anonymous_9)
DA:33,1
DA:34,0
DA:37,0
DA:38,0
DA:40,0
DA:41,0
DA:42,0
DA:43,0
DA:44,0
DA:52,0
DA:53,0
DA:55,0
DA:62,0
DA:69,0
DA:89,0
DA:90,0
DA:92,0
DA:93,0
DA:97,0
DA:99,0
DA:101,0
DA:104,0
DA:105,0
DA:107,0
DA:108,0
DA:109,0
DA:119,0
DA:121,0
DA:125,0
DA:129,0
DA:133,0
DA:135,0
DA:136,0
DA:137,0
DA:149,0
DA:154,0
DA:157,0
DA:164,0
DA:168,0
DA:172,0
DA:243,0
LF:41
LH:1
BRDA:57,0,0,0
BRDA:57,0,1,0
BRDA:101,1,0,0
BRDA:101,1,1,0
BRDA:127,2,0,0
BRDA:127,2,1,0
BRDA:166,3,0,0
BRDA:166,3,1,0
BRDA:226,4,0,0
BRDA:226,4,1,0
BRDA:237,5,0,0
BRDA:237,5,1,0
BRDA:241,6,0,0
BRDA:241,6,1,0
BRDA:264,7,0,0
BRDA:264,7,1,0
BRDA:278,8,0,0
BRDA:278,8,1,0
BRDA:296,9,0,0
BRDA:296,9,1,0
BRDA:304,10,0,0
BRDA:304,10,1,0
BRDA:320,11,0,0
BRDA:320,11,1,0
BRDA:336,12,0,0
BRDA:336,12,1,0
BRDA:349,13,0,0
BRDA:349,13,1,0
BRDA:364,14,0,0
BRDA:364,14,1,0
BRDA:378,15,0,0
BRDA:378,15,1,0
BRDA:392,16,0,0
BRDA:392,16,1,0
BRDA:467,17,0,0
BRDA:467,17,1,0
BRF:36
BRH:0
end_of_record
TN:
SF:src/pages/courses/NewCourse.tsx
FN:37,(anonymous_0)
FN:51,(anonymous_1)
FN:52,(anonymous_2)
FN:82,(anonymous_3)
FN:85,(anonymous_4)
FN:92,(anonymous_5)
FN:172,(anonymous_6)
FN:175,(anonymous_7)
FN:186,(anonymous_8)
FNF:9
FNH:3
FNDA:2,(anonymous_0)
FNDA:2,(anonymous_1)
FNDA:2,(anonymous_2)
FNDA:0,(anonymous_3)
FNDA:0,(anonymous_4)
FNDA:0,(anonymous_5)
FNDA:0,(anonymous_6)
FNDA:0,(anonymous_7)
FNDA:0,(anonymous_8)
DA:37,1
DA:38,2
DA:41,2
DA:43,2
DA:45,2
DA:49,2
DA:51,2
DA:52,2
DA:53,2
DA:55,2
DA:63,0
DA:64,0
DA:66,0
DA:73,2
DA:81,2
DA:82,2
DA:83,0
DA:85,2
DA:86,0
DA:90,2
DA:92,2
DA:93,0
DA:94,0
DA:97,0
DA:98,0
DA:100,0
DA:104,2
DA:173,0
DA:174,0
DA:176,0
DA:178,0
DA:179,0
DA:180,0
DA:187,0
LF:34
LH:17
BRDA:68,0,0,0
BRDA:68,0,1,0
BRDA:159,1,0,0
BRDA:159,1,1,2
BRDA:170,2,0,0
BRDA:170,2,1,2
BRDA:178,3,0,0
BRDA:178,3,1,0
BRDA:185,4,0,2
BRDA:185,4,1,2
BRDA:195,5,0,2
BRDA:195,5,1,0
BRDA:207,6,0,0
BRDA:207,6,1,2
BRDA:222,7,0,0
BRDA:222,7,1,2
BRDA:236,8,0,0
BRDA:236,8,1,2
BRDA:254,9,0,0
BRDA:254,9,1,2
BRDA:262,10,0,2
BRDA:262,10,1,0
BRDA:278,11,0,0
BRDA:278,11,1,2
BRDA:294,12,0,0
BRDA:294,12,1,2
BRDA:307,13,0,0
BRDA:307,13,1,2
BRDA:322,14,0,0
BRDA:322,14,1,2
BRDA:335,15,0,0
BRDA:335,15,1,2
BRDA:349,16,0,0
BRDA:349,16,1,2
BRDA:424,17,0,2
BRDA:424,17,1,0
BRF:36
BRH:17
end_of_record
TN:
SF:src/pages/dashboard/index.tsx
FN:11,(anonymous_0)
FN:47,(anonymous_1)
FNF:2
FNH:2
FNDA:6,(anonymous_0)
FNDA:1,(anonymous_1)
DA:11,1
DA:12,6
DA:13,6
DA:16,6
DA:18,6
DA:19,6
DA:20,4
DA:23,6
DA:25,6
DA:26,4
DA:29,6
DA:30,2
DA:33,6
DA:45,6
DA:47,6
DA:48,1
DA:49,1
DA:55,6
LF:18
LH:18
BRDA:19,0,0,4
BRDA:19,0,1,2
BRDA:25,1,0,4
BRDA:25,1,1,2
BRDA:29,2,0,2
BRDA:29,2,1,4
BRDA:29,3,0,6
BRDA:29,3,1,4
BRDA:48,4,0,1
BRDA:48,4,1,0
BRDA:142,5,0,6
BRDA:142,5,1,2
BRDA:161,6,0,6
BRDA:161,6,1,2
BRF:14
BRH:13
end_of_record
TN:
SF:src/pages/signin/SigninForm.tsx
FN:12,(anonymous_0)
FN:24,(anonymous_1)
FNF:2
FNH:2
FNDA:2,(anonymous_0)
FNDA:1,(anonymous_1)
DA:12,1
DA:15,2
DA:16,2
DA:22,2
DA:24,2
DA:25,1
DA:27,1
DA:28,1
DA:37,1
DA:39,1
DA:42,1
DA:43,1
DA:44,1
DA:47,1
DA:48,1
DA:51,0
DA:52,0
DA:56,2
LF:18
LH:16
BRDA:51,0,0,0
BRDA:51,0,1,0
BRDA:73,1,0,0
BRDA:73,1,1,2
BRDA:91,2,0,0
BRDA:91,2,1,2
BRDA:95,3,0,2
BRDA:95,3,1,0
BRF:8
BRH:3
end_of_record
TN:
SF:src/pages/signup/SignupForm.tsx
FN:13,(anonymous_0)
FN:24,(anonymous_1)
FNF:2
FNH:2
FNDA:2,(anonymous_0)
FNDA:1,(anonymous_1)
DA:13,1
DA:16,2
DA:22,2
DA:24,2
DA:25,1
DA:27,1
DA:28,1
DA:39,1
DA:41,1
DA:44,1
DA:45,1
DA:46,1
DA:48,1
DA:49,1
DA:51,0
DA:58,2
LF:16
LH:15
BRDA:53,0,0,0
BRDA:53,0,1,0
BRDA:75,1,0,0
BRDA:75,1,1,2
BRDA:93,2,0,0
BRDA:93,2,1,2
BRDA:111,3,0,0
BRDA:111,3,1,2
BRDA:126,4,0,0
BRDA:126,4,1,2
BRF:10
BRH:4
end_of_record
